<?xml version="1.0" encoding="UTF-8"?>
<!-- Generated by org.testng.reporters.JUnitReportReporter -->
<testsuite skipped="1" hostname="DESKTOP-MHHTVC8" name="testCases.Try" tests="1" failures="0" timestamp="16 Jan 2019 07:54:16 GMT" time="0.000" errors="0">
  <testcase name="sss" time="0.000" classname="testCases.Try">
    <skipped/>
  </testcase> <!-- sss -->
</testsuite> <!-- testCases.Try -->
