<?xml version="1.0" encoding="UTF-8"?>
<!-- Generated by org.testng.reporters.JUnitReportReporter -->
<testsuite skipped="0" hostname="DESKTOP-MHHTVC8" name="example.AddOrderSet" tests="1" failures="0" timestamp="17 Jan 2019 07:56:47 GMT" time="5.328" errors="0">
  <testcase name="login" time="5.328" classname="example.AddOrderSet"/>
</testsuite> <!-- example.AddOrderSet -->
