<?xml version="1.0" encoding="UTF-8"?>
<!-- Generated by org.testng.reporters.JUnitReportReporter -->
<testsuite skipped="0" hostname="DESKTOP-MHHTVC8" name="example.Akshay_Encounter_Medcare" tests="1" failures="0" timestamp="25 Feb 2019 03:51:25 GMT" time="0.006" errors="0">
  <testcase name="CreateEncounter" time="0.006" classname="example.Akshay_Encounter_Medcare"/>
</testsuite> <!-- example.Akshay_Encounter_Medcare -->
