<?xml version="1.0" encoding="UTF-8"?>
<!-- Generated by org.testng.reporters.JUnitReportReporter -->
<testsuite skipped="0" hostname="DESKTOP-MHHTVC8" name="com.medcare.TestScripts.MedCareEncounterCreator" tests="1" failures="0" timestamp="28 Feb 2019 09:02:40 GMT" time="37.627" errors="0">
  <testcase name="CreateEncounter" time="37.627" classname="com.medcare.TestScripts.MedCareEncounterCreator"/>
</testsuite> <!-- com.medcare.TestScripts.MedCareEncounterCreator -->
