<?xml version="1.0" encoding="UTF-8"?>
<!-- Generated by org.testng.reporters.JUnitReportReporter -->
<testsuite skipped="0" hostname="DESKTOP-MHHTVC8" name="example.Akshay_Registration_Medcare" tests="1" failures="0" timestamp="25 Feb 2019 03:53:51 GMT" time="0.252" errors="0">
  <testcase name="OutPatientRegistration" time="0.252" classname="example.Akshay_Registration_Medcare"/>
</testsuite> <!-- example.Akshay_Registration_Medcare -->
