<?xml version="1.0" encoding="UTF-8"?>
<!-- Generated by org.testng.reporters.JUnitReportReporter -->
<testsuite skipped="1" hostname="DESKTOP-MHHTVC8" name="testCases.clinicarelogin" tests="1" failures="0" timestamp="16 Jan 2019 07:54:16 GMT" time="0.000" errors="0">
  <testcase name="clinicarelogin" time="0.000" classname="testCases.clinicarelogin">
    <skipped/>
  </testcase> <!-- clinicarelogin -->
</testsuite> <!-- testCases.clinicarelogin -->
