<?xml version="1.0" encoding="UTF-8"?>
<!-- Generated by org.testng.reporters.JUnitReportReporter -->
<testsuite skipped="0" hostname="DESKTOP-MHHTVC8" name="example.LoggingTestLogger" tests="1" failures="0" timestamp="17 Jan 2019 07:28:39 GMT" time="0.056" errors="0">
  <testcase name="checkIn" time="0.056" classname="example.LoggingTestLogger"/>
</testsuite> <!-- example.LoggingTestLogger -->
