<?xml version="1.0" encoding="UTF-8"?>
<!-- Generated by org.testng.reporters.JUnitReportReporter -->
<testsuite skipped="1" hostname="DESKTOP-MHHTVC8" name="testCases.CVLoginLogout" tests="1" failures="0" timestamp="16 Jan 2019 07:54:16 GMT" time="0.000" errors="0">
  <testcase name="CVLoginLogout" time="0.000" classname="testCases.CVLoginLogout">
    <skipped/>
  </testcase> <!-- CVLoginLogout -->
</testsuite> <!-- testCases.CVLoginLogout -->
