<?xml version="1.0" encoding="UTF-8"?>
<!-- Generated by org.testng.reporters.JUnitReportReporter -->
<testsuite skipped="2" hostname="DESKTOP-MHHTVC8" name="testCases.VerifyLoginLogoutRadiologist" tests="2" failures="0" timestamp="16 Jan 2019 07:54:16 GMT" time="0.000" errors="0">
  <testcase name="login" time="0.000" classname="testCases.VerifyLoginLogoutRadiologist">
    <skipped/>
  </testcase> <!-- login -->
  <testcase name="logout" time="0.000" classname="testCases.VerifyLoginLogoutRadiologist">
    <skipped/>
  </testcase> <!-- logout -->
</testsuite> <!-- testCases.VerifyLoginLogoutRadiologist -->
