<?xml version="1.0" encoding="UTF-8"?>
<!-- Generated by org.testng.reporters.JUnitReportReporter -->
<testsuite skipped="0" hostname="DESKTOP-MHHTVC8" name="com.medcare.TestScripts.MedCareOPBillingCreator" tests="1" failures="0" timestamp="02 Apr 2019 09:38:19 GMT" time="9.671" errors="0">
  <testcase name="OPBillCreator" time="9.671" classname="com.medcare.TestScripts.MedCareOPBillingCreator"/>
</testsuite> <!-- com.medcare.TestScripts.MedCareOPBillingCreator -->
