<?xml version="1.0" encoding="UTF-8"?>
<!-- Generated by org.testng.reporters.JUnitReportReporter -->
<testsuite skipped="0" hostname="DESKTOP-MHHTVC8" name="example.Akshay_Login_Medcare" tests="2" failures="0" timestamp="20 Feb 2019 09:35:20 GMT" time="42.438" errors="0">
  <testcase name="CreateEncounter" time="0.009" classname="example.Akshay_Login_Medcare"/>
  <testcase name="OutPatientRegistration" time="42.429" classname="example.Akshay_Login_Medcare"/>
</testsuite> <!-- example.Akshay_Login_Medcare -->
