<?xml version="1.0" encoding="UTF-8"?>
<!-- Generated by org.testng.reporters.JUnitReportReporter -->
<testsuite skipped="0" hostname="DESKTOP-MHHTVC8" name="example.Log" tests="1" failures="0" timestamp="17 Jan 2019 07:55:37 GMT" time="0.006" errors="0">
  <testcase name="setup" time="0.006" classname="example.Log"/>
</testsuite> <!-- example.Log -->
