<?xml version="1.0" encoding="UTF-8"?>
<!-- Generated by org.testng.reporters.JUnitReportReporter -->
<testsuite skipped="0" hostname="DESKTOP-MHHTVC8" name="com.medcare.TestScripts.Testing" tests="1" failures="0" timestamp="02 Apr 2019 09:38:19 GMT" time="6.966" errors="0">
  <testcase name="startBrowser" time="6.966" classname="com.medcare.TestScripts.Testing"/>
</testsuite> <!-- com.medcare.TestScripts.Testing -->
